~/IdeaProjects/homefin git:[main]
npm install
npm warn gitignore-fallback No .npmignore file found, using .gitignore for file exclusion. Consider creating a .npmignore file to explicitly control published files.
npm warn skipping integrity check for git dependency ssh://git@github.com/electron/node-gyp.git
npm warn deprecated inflight@1.0.6: This module is not supported, and leaks memory. Do not use it. Check out lru-cache if you want a good and tested way to coalesce async requests by a key value, which is much more comprehensive and powerful.
npm warn deprecated @npmcli/move-file@2.0.1: This functionality has been moved to @npmcli/fs
npm warn deprecated npmlog@6.0.2: This package is no longer supported.
npm warn deprecated rimraf@3.0.2: Rimraf versions prior to v4 are no longer supported
npm warn deprecated glob@8.1.0: Glob versions prior to v9 are no longer supported
npm warn deprecated glob@7.2.3: Glob versions prior to v9 are no longer supported
npm warn deprecated glob@7.2.3: Glob versions prior to v9 are no longer supported
npm warn deprecated glob@7.2.3: Glob versions prior to v9 are no longer supported
npm warn deprecated glob@7.2.3: Glob versions prior to v9 are no longer supported
npm warn deprecated glob@7.2.3: Glob versions prior to v9 are no longer supported
npm warn deprecated are-we-there-yet@3.0.1: This package is no longer supported.
npm warn deprecated boolean@3.2.0: Package no longer supported. Contact Support at https://www.npmjs.com/support for more info.
npm warn deprecated gauge@4.0.4: This package is no longer supported.
npm warn gitignore-fallback No .npmignore file found, using .gitignore for file exclusion. Consider creating a .npmignore file to explicitly control published files.
npm error code 1
npm error path /Users/gvp/IdeaProjects/homefin/node_modules/better-sqlite3
npm error command failed
npm error command sh -c prebuild-install || node-gyp rebuild --release
npm error touch ba23eeee118cd63e16015df367567cb043fed872.intermediate
npm error   LD_LIBRARY_PATH=/Users/gvp/IdeaProjects/homefin/node_modules/better-sqlite3/build/Release/lib.host:/Users/gvp/IdeaProjects/homefin/node_modules/better-sqlite3/build/Release/lib.target:$LD_LIBRARY_PATH; export LD_LIBRARY_PATH; cd ../deps; mkdir -p /Users/gvp/IdeaProjects/homefin/node_modules/better-sqlite3/build/Release/obj/gen/sqlite3; node copy.js "/Users/gvp/IdeaProjects/homefin/node_modules/better-sqlite3/build/Release/obj/gen/sqlite3" ""
npm error   touch Release/obj.target/deps/locate_sqlite3.stamp
npm error   cc -o Release/obj.target/sqlite3/gen/sqlite3/sqlite3.o Release/obj/gen/sqlite3/sqlite3.c '-DNODE_GYP_MODULE_NAME=sqlite3' '-DUSING_UV_SHARED=1' '-DUSING_V8_SHARED=1' '-DV8_DEPRECATION_WARNINGS=1' '-D_GLIBCXX_USE_CXX11_ABI=1' '-D_FILE_OFFSET_BITS=64' '-D_DARWIN_USE_64_BIT_INODE=1' '-D_LARGEFILE_SOURCE' '-DHAVE_INT16_T=1' '-DHAVE_INT32_T=1' '-DHAVE_INT8_T=1' '-DHAVE_STDINT_H=1' '-DHAVE_UINT16_T=1' '-DHAVE_UINT32_T=1' '-DHAVE_UINT8_T=1' '-DHAVE_USLEEP=1' '-DSQLITE_DEFAULT_CACHE_SIZE=-16000' '-DSQLITE_DEFAULT_FOREIGN_KEYS=1' '-DSQLITE_DEFAULT_MEMSTATUS=0' '-DSQLITE_DEFAULT_WAL_SYNCHRONOUS=1' '-DSQLITE_DQS=0' '-DSQLITE_ENABLE_COLUMN_METADATA' '-DSQLITE_ENABLE_DESERIALIZE' '-DSQLITE_ENABLE_FTS3' '-DSQLITE_ENABLE_FTS3_PARENTHESIS' '-DSQLITE_ENABLE_FTS4' '-DSQLITE_ENABLE_FTS5' '-DSQLITE_ENABLE_GEOPOLY' '-DSQLITE_ENABLE_JSON1' '-DSQLITE_ENABLE_MATH_FUNCTIONS' '-DSQLITE_ENABLE_RTREE' '-DSQLITE_ENABLE_STAT4' '-DSQLITE_ENABLE_UPDATE_DELETE_LIMIT' '-DSQLITE_LIKE_DOESNT_MATCH_BLOBS' '-DSQLITE_OMIT_DEPRECATED' '-DSQLITE_OMIT_PROGRESS_CALLBACK' '-DSQLITE_OMIT_SHARED_CACHE' '-DSQLITE_OMIT_TCL_VARIABLE' '-DSQLITE_SOUNDEX' '-DSQLITE_THREADSAFE=2' '-DSQLITE_TRACE_SIZE_LIMIT=32' '-DSQLITE_USE_URI=0' '-DNDEBUG' -I/Users/gvp/Library/Caches/node-gyp/25.2.1/include/node -I/Users/gvp/Library/Caches/node-gyp/25.2.1/src -I/Users/gvp/Library/Caches/node-gyp/25.2.1/deps/openssl/config -I/Users/gvp/Library/Caches/node-gyp/25.2.1/deps/openssl/openssl/include -I/Users/gvp/Library/Caches/node-gyp/25.2.1/deps/uv/include -I/Users/gvp/Library/Caches/node-gyp/25.2.1/deps/zlib -I/Users/gvp/Library/Caches/node-gyp/25.2.1/deps/v8/include -I./Release/obj/gen/sqlite3  -O3 -fno-strict-aliasing -mmacosx-version-min=10.7 -arch arm64 -Wall -Wendif-labels -W -Wno-unused-parameter -w -std=c99 -MMD -MF ./Release/.deps/Release/obj.target/sqlite3/gen/sqlite3/sqlite3.o.d.raw   -c
npm error   rm -f Release/sqlite3.a && ./gyp-mac-tool filter-libtool libtool  -static -o Release/sqlite3.a Release/obj.target/sqlite3/gen/sqlite3/sqlite3.o
npm error   c++ -o Release/obj.target/better_sqlite3/src/better_sqlite3.o ../src/better_sqlite3.cpp '-DNODE_GYP_MODULE_NAME=better_sqlite3' '-DUSING_UV_SHARED=1' '-DUSING_V8_SHARED=1' '-DV8_DEPRECATION_WARNINGS=1' '-D_GLIBCXX_USE_CXX11_ABI=1' '-D_FILE_OFFSET_BITS=64' '-D_DARWIN_USE_64_BIT_INODE=1' '-D_LARGEFILE_SOURCE' '-DBUILDING_NODE_EXTENSION' '-DNDEBUG' -I/Users/gvp/Library/Caches/node-gyp/25.2.1/include/node -I/Users/gvp/Library/Caches/node-gyp/25.2.1/src -I/Users/gvp/Library/Caches/node-gyp/25.2.1/deps/openssl/config -I/Users/gvp/Library/Caches/node-gyp/25.2.1/deps/openssl/openssl/include -I/Users/gvp/Library/Caches/node-gyp/25.2.1/deps/uv/include -I/Users/gvp/Library/Caches/node-gyp/25.2.1/deps/zlib -I/Users/gvp/Library/Caches/node-gyp/25.2.1/deps/v8/include -I./Release/obj/gen/sqlite3  -O3 -fno-strict-aliasing -mmacosx-version-min=10.7 -arch arm64 -Wall -Wendif-labels -W -Wno-unused-parameter -std=gnu++20 -stdlib=libc++ -fno-rtti -fno-exceptions -fvisibility-inlines-hidden -std=c++17 -stdlib=libc++ -MMD -MF ./Release/.deps/Release/obj.target/better_sqlite3/src/better_sqlite3.o.d.raw   -c
npm error rm ba23eeee118cd63e16015df367567cb043fed872.intermediate
npm error prebuild-install warn install No prebuilt binaries found (target=25.2.1 runtime=node arch=arm64 libc= platform=darwin)
npm error gyp info it worked if it ends with ok
npm error gyp verb cli [
npm error gyp verb cli '/opt/homebrew/Cellar/node/25.2.1/bin/node',
npm error gyp verb cli '/Users/gvp/IdeaProjects/homefin/node_modules/.bin/node-gyp',
npm error gyp verb cli 'rebuild',
npm error gyp verb cli '--release'
npm error gyp verb cli ]
npm error gyp info using node-gyp@10.2.0-electron.1
npm error gyp info using node@25.2.1 | darwin | arm64
npm error gyp verb clean removing "build" directory
npm error gyp verb find Python Python is not set from command line or npm configuration
npm error gyp verb find Python Python is not set from environment variable PYTHON
npm error gyp verb find Python checking if "python3" can be used
npm error gyp verb find Python - executing "python3" to get executable path
npm error gyp sill find Python execFile: exec = "python3"
npm error gyp sill find Python execFile: args = ["-c","import sys; sys.stdout.buffer.write(sys.executable.encode('utf-8'));"]
npm error gyp sill find Python execFile: opts = {"env":{"NODE":"/opt/homebrew/Cellar/node/25.2.1/bin/node","INIT_CWD":"/Users/gvp/IdeaProjects/homefin","TERM":"dumb","SHELL":"/bin/zsh","HOMEBREW_REPOSITORY":"/opt/homebrew","TMPDIR":"/var/folders/yf/lwxqclp532v0ybly7zhf185c0000gp/T/","npm_config_global_prefix":"/opt/homebrew","ANDROID_SDK_ROOT":"/Users/gvp/Library/Android/sdk","npm_package_optional":"","COLOR":"1","TERM_SESSION_ID":"***","npm_config_noproxy":"","npm_config_local_prefix":"/Users/gvp/IdeaProjects/homefin","PROCESS_LAUNCHED_BY_Q":"1","USER":"gvp","COMMAND_MODE":"unix2003","npm_config_globalconfig":"/opt/homebrew/etc/npmrc","npm_package_peer":"","SSH_AUTH_SOCK":"/private/tmp/com.apple.launchd.oI3i7AMbgy/Listeners","__CF_USER_TEXT_ENCODING":"0x1F6:0x0:0x0","npm_execpath":"/opt/homebrew/lib/node_modules/npm/bin/npm-cli.js","npm_package_integrity":"sha512-yR5HATnqeYNVnkaUTf4bOP2dJSnyhP4puJN/QPRyx4YkBEEUxib422n2XzPqDEHjQQqazoYoADdAm5vE15+dAQ==","PATH":"/Users/gvp/IdeaProjects/homefin/node_modules/better-sqlite3/node_modules/.bin:/Users/gvp/IdeaProjects/homefin/node_modules/node_modules/.bin:/Users/gvp/IdeaProjects/homefin/node_modules/.bin:/Users/gvp/IdeaProjects/node_modules/.bin:/Users/gvp/node_modules/.bin:/Users/node_modules/.bin:/node_modules/.bin:/opt/homebrew/lib/node_modules/npm/node_modules/@npmcli/run-script/lib/node-gyp-bin:/opt/homebrew/Cellar/php@8.2/8.2.27/bin:/Users/gvp/Library/Android/sdk/cmdline-tools/latest/bin:/Users/gvp/Library/Android/sdk/platform-tools:/Users/gvp/mxe/usr/bin:/Users/gvp/.cargo/bin:/opt/homebrew/bin:/opt/homebrew/sbin:/usr/local/bin:/System/Cryptexes/App/usr/bin:/usr/bin:/bin:/usr/sbin:/sbin:/var/run/com.apple.security.cryptexd/codex.system/bootstrap/usr/local/bin:/var/run/com.apple.security.cryptexd/codex.system/bootstrap/usr/bin:/var/run/com.apple.security.cryptexd/codex.system/bootstrap/usr/appleinternal/bin:/opt/pmk/env/global/bin:/Library/Apple/usr/bin:/Applications/VMware Fusion.app/Contents/Public:/usr/local/share/dotnet:~/.dotnet/tools:/Users/gvp/Library/Application Support/JetBrains/Toolbox/scripts:/Users/gvp/.orbstack/bin:/Users/gvp/.local/bin:/Users/gvp/.local/bin:/Users/gvp/.lmstudio/bin","TERMINAL_EMULATOR":"JetBrains-JediTerm","npm_package_json":"/Users/gvp/IdeaProjects/homefin/node_modules/better-sqlite3/package.json","IJ_RESTARTER_LOG":"/Users/gvp/Library/Logs/JetBrains/IntelliJIdea2025.3/restarter.log","npm_config_userconfig":"/Users/gvp/.npmrc","npm_config_init_module":"/Users/gvp/.npm-init.js","__CFBundleIdentifier":"com.jetbrains.intellij","npm_command":"install","PWD":"/Users/gvp/IdeaProjects/homefin/node_modules/better-sqlite3","npm_lifecycle_event":"install","EDITOR":"vi","npm_package_name":"better-sqlite3","LANG":"C.UTF-8","npm_config_npm_version":"11.6.2","XPC_FLAGS":"0x0","npm_package_dev":"","npm_config_node_gyp":"/opt/homebrew/lib/node_modules/npm/node_modules/node-gyp/bin/node-gyp.js","npm_package_version":"9.6.0","XPC_SERVICE_NAME":"0","GPG_TTY":"/dev/ttys001","npm_package_resolved":"https://registry.npmjs.org/better-sqlite3/-/better-sqlite3-9.6.0.tgz","SHLVL":"2","HOME":"/Users/gvp","HOMEBREW_PREFIX":"/opt/homebrew","npm_package_dev_optional":"","PROCESS_LAUNCHED_BY_CW":"1","npm_config_cache":"/Users/gvp/.npm","LOGNAME":"gvp","npm_lifecycle_script":"prebuild-install || node-gyp rebuild --release","LC_CTYPE":"UTF-8","npm_config_user_agent":"npm/11.6.2 node/v25.2.1 darwin arm64 workspaces/false","INFOPATH":"/opt/homebrew/share/info:","HOMEBREW_CELLAR":"/opt/homebrew/Cellar","OSLogRateLimit":"64","npm_node_execpath":"/opt/homebrew/Cellar/node/25.2.1/bin/node","npm_config_prefix":"/opt/homebrew","FIG_TERM":"1","_":"/Users/gvp/IdeaProjects/homefin/node_modules/.bin/node-gyp"},"shell":false}
npm error gyp sill find Python execFile result: err = null
npm error gyp sill find Python execFile result: stdout = "/opt/homebrew/opt/python@3.14/bin/python3.14"
npm error gyp sill find Python execFile result: stderr = ""
npm error gyp verb find Python - executable path is "/opt/homebrew/opt/python@3.14/bin/python3.14"
npm error gyp verb find Python - executing "/opt/homebrew/opt/python@3.14/bin/python3.14" to get version
npm error gyp sill find Python execFile: exec = "/opt/homebrew/opt/python@3.14/bin/python3.14"
npm error gyp sill find Python execFile: args = ["-c","import sys; print(\"%s.%s.%s\" % sys.version_info[:3]);"]
npm error gyp sill find Python execFile: opts = {"env":{"NODE":"/opt/homebrew/Cellar/node/25.2.1/bin/node","INIT_CWD":"/Users/gvp/IdeaProjects/homefin","TERM":"dumb","SHELL":"/bin/zsh","HOMEBREW_REPOSITORY":"/opt/homebrew","TMPDIR":"/var/folders/yf/lwxqclp532v0ybly7zhf185c0000gp/T/","npm_config_global_prefix":"/opt/homebrew","ANDROID_SDK_ROOT":"/Users/gvp/Library/Android/sdk","npm_package_optional":"","COLOR":"1","TERM_SESSION_ID":"***","npm_config_noproxy":"","npm_config_local_prefix":"/Users/gvp/IdeaProjects/homefin","PROCESS_LAUNCHED_BY_Q":"1","USER":"gvp","COMMAND_MODE":"unix2003","npm_config_globalconfig":"/opt/homebrew/etc/npmrc","npm_package_peer":"","SSH_AUTH_SOCK":"/private/tmp/com.apple.launchd.oI3i7AMbgy/Listeners","__CF_USER_TEXT_ENCODING":"0x1F6:0x0:0x0","npm_execpath":"/opt/homebrew/lib/node_modules/npm/bin/npm-cli.js","npm_package_integrity":"sha512-yR5HATnqeYNVnkaUTf4bOP2dJSnyhP4puJN/QPRyx4YkBEEUxib422n2XzPqDEHjQQqazoYoADdAm5vE15+dAQ==","PATH":"/Users/gvp/IdeaProjects/homefin/node_modules/better-sqlite3/node_modules/.bin:/Users/gvp/IdeaProjects/homefin/node_modules/node_modules/.bin:/Users/gvp/IdeaProjects/homefin/node_modules/.bin:/Users/gvp/IdeaProjects/node_modules/.bin:/Users/gvp/node_modules/.bin:/Users/node_modules/.bin:/node_modules/.bin:/opt/homebrew/lib/node_modules/npm/node_modules/@npmcli/run-script/lib/node-gyp-bin:/opt/homebrew/Cellar/php@8.2/8.2.27/bin:/Users/gvp/Library/Android/sdk/cmdline-tools/latest/bin:/Users/gvp/Library/Android/sdk/platform-tools:/Users/gvp/mxe/usr/bin:/Users/gvp/.cargo/bin:/opt/homebrew/bin:/opt/homebrew/sbin:/usr/local/bin:/System/Cryptexes/App/usr/bin:/usr/bin:/bin:/usr/sbin:/sbin:/var/run/com.apple.security.cryptexd/codex.system/bootstrap/usr/local/bin:/var/run/com.apple.security.cryptexd/codex.system/bootstrap/usr/bin:/var/run/com.apple.security.cryptexd/codex.system/bootstrap/usr/appleinternal/bin:/opt/pmk/env/global/bin:/Library/Apple/usr/bin:/Applications/VMware Fusion.app/Contents/Public:/usr/local/share/dotnet:~/.dotnet/tools:/Users/gvp/Library/Application Support/JetBrains/Toolbox/scripts:/Users/gvp/.orbstack/bin:/Users/gvp/.local/bin:/Users/gvp/.local/bin:/Users/gvp/.lmstudio/bin","TERMINAL_EMULATOR":"JetBrains-JediTerm","npm_package_json":"/Users/gvp/IdeaProjects/homefin/node_modules/better-sqlite3/package.json","IJ_RESTARTER_LOG":"/Users/gvp/Library/Logs/JetBrains/IntelliJIdea2025.3/restarter.log","npm_config_userconfig":"/Users/gvp/.npmrc","npm_config_init_module":"/Users/gvp/.npm-init.js","__CFBundleIdentifier":"com.jetbrains.intellij","npm_command":"install","PWD":"/Users/gvp/IdeaProjects/homefin/node_modules/better-sqlite3","npm_lifecycle_event":"install","EDITOR":"vi","npm_package_name":"better-sqlite3","LANG":"C.UTF-8","npm_config_npm_version":"11.6.2","XPC_FLAGS":"0x0","npm_package_dev":"","npm_config_node_gyp":"/opt/homebrew/lib/node_modules/npm/node_modules/node-gyp/bin/node-gyp.js","npm_package_version":"9.6.0","XPC_SERVICE_NAME":"0","GPG_TTY":"/dev/ttys001","npm_package_resolved":"https://registry.npmjs.org/better-sqlite3/-/better-sqlite3-9.6.0.tgz","SHLVL":"2","HOME":"/Users/gvp","HOMEBREW_PREFIX":"/opt/homebrew","npm_package_dev_optional":"","PROCESS_LAUNCHED_BY_CW":"1","npm_config_cache":"/Users/gvp/.npm","LOGNAME":"gvp","npm_lifecycle_script":"prebuild-install || node-gyp rebuild --release","LC_CTYPE":"UTF-8","npm_config_user_agent":"npm/11.6.2 node/v25.2.1 darwin arm64 workspaces/false","INFOPATH":"/opt/homebrew/share/info:","HOMEBREW_CELLAR":"/opt/homebrew/Cellar","OSLogRateLimit":"64","npm_node_execpath":"/opt/homebrew/Cellar/node/25.2.1/bin/node","npm_config_prefix":"/opt/homebrew","FIG_TERM":"1","_":"/Users/gvp/IdeaProjects/homefin/node_modules/.bin/node-gyp"},"shell":false}
npm error gyp sill find Python execFile result: err = null
npm error gyp sill find Python execFile result: stdout = "3.14.2\n"
npm error gyp sill find Python execFile result: stderr = ""
npm error gyp verb find Python - version is "3.14.2"
npm error gyp info find Python using Python version 3.14.2 found at "/opt/homebrew/opt/python@3.14/bin/python3.14"
npm error gyp verb get node dir no --target version specified, falling back to host node version: 25.2.1
npm error gyp verb install input version string "25.2.1"
npm error gyp verb install installing version: 25.2.1
npm error gyp verb install --ensure was passed, so won't reinstall if already installed
npm error gyp verb install version is already installed, need to check "installVersion"
npm error gyp verb got "installVersion" 11
npm error gyp verb needs "installVersion" 11
npm error gyp verb install version is good
npm error gyp verb get node dir target node version installed: 25.2.1
npm error gyp verb build dir attempting to create "build" dir: /Users/gvp/IdeaProjects/homefin/node_modules/better-sqlite3/build
npm error gyp verb build dir "build" dir needed to be created? Yes
npm error gyp verb build/config.gypi creating config file
npm error gyp sill build/config.gypi {
npm error gyp sill build/config.gypi target_defaults: {
npm error gyp sill build/config.gypi cflags: [],
npm error gyp sill build/config.gypi configurations: { Debug: [Object], Release: [Object] },
npm error gyp sill build/config.gypi default_configuration: 'Release',
npm error gyp sill build/config.gypi defines: [],
npm error gyp sill build/config.gypi include_dirs: [],
npm error gyp sill build/config.gypi libraries: [],
npm error gyp sill build/config.gypi msvs_configuration_platform: 'ARM64',
npm error gyp sill build/config.gypi xcode_configuration_platform: 'arm64'
npm error gyp sill build/config.gypi },
npm error gyp sill build/config.gypi variables: {
npm error gyp sill build/config.gypi arm_fpu: 'neon',
npm error gyp sill build/config.gypi asan: 0,
npm error gyp sill build/config.gypi clang: 1,
npm error gyp sill build/config.gypi control_flow_guard: false,
npm error gyp sill build/config.gypi coverage: false,
npm error gyp sill build/config.gypi dcheck_always_on: 0,
npm error gyp sill build/config.gypi debug_nghttp2: false,
npm error gyp sill build/config.gypi debug_node: false,
npm error gyp sill build/config.gypi enable_lto: false,
npm error gyp sill build/config.gypi enable_pgo_generate: false,
npm error gyp sill build/config.gypi enable_pgo_use: false,
npm error gyp sill build/config.gypi error_on_warn: false,
npm error gyp sill build/config.gypi force_dynamic_crt: 0,
npm error gyp sill build/config.gypi host_arch: 'arm64',
npm error gyp sill build/config.gypi icu_gyp_path: 'tools/icu/icu-system.gyp',
npm error gyp sill build/config.gypi icu_small: false,
npm error gyp sill build/config.gypi icu_ver_major: '78',
npm error gyp sill build/config.gypi libdir: 'lib',
npm error gyp sill build/config.gypi llvm_version: '17.0',
npm error gyp sill build/config.gypi napi_build_version: '10',
npm error gyp sill build/config.gypi node_builtin_shareable_builtins: [
npm error gyp sill build/config.gypi 'deps/cjs-module-lexer/lexer.js',
npm error gyp sill build/config.gypi 'deps/cjs-module-lexer/dist/lexer.js',
npm error gyp sill build/config.gypi 'deps/undici/undici.js',
npm error gyp sill build/config.gypi 'deps/amaro/dist/index.js'
npm error gyp sill build/config.gypi ],
npm error gyp sill build/config.gypi node_byteorder: 'little',
npm error gyp sill build/config.gypi node_cctest_sources: [
npm error gyp sill build/config.gypi 'src/node_snapshot_stub.cc',
npm error gyp sill build/config.gypi 'test/cctest/inspector/test_network_requests_buffer.cc',
npm error gyp sill build/config.gypi 'test/cctest/inspector/test_node_protocol.cc',
npm error gyp sill build/config.gypi 'test/cctest/node_test_fixture.cc',
npm error gyp sill build/config.gypi 'test/cctest/test_aliased_buffer.cc',
npm error gyp sill build/config.gypi 'test/cctest/test_base64.cc',
npm error gyp sill build/config.gypi 'test/cctest/test_base_object_ptr.cc',
npm error gyp sill build/config.gypi 'test/cctest/test_cppgc.cc',
npm error gyp sill build/config.gypi 'test/cctest/test_crypto_clienthello.cc',
npm error gyp sill build/config.gypi 'test/cctest/test_dataqueue.cc',
npm error gyp sill build/config.gypi 'test/cctest/test_environment.cc',
npm error gyp sill build/config.gypi 'test/cctest/test_inspector_socket.cc',
npm error gyp sill build/config.gypi 'test/cctest/test_inspector_socket_server.cc',
npm error gyp sill build/config.gypi 'test/cctest/test_json_utils.cc',
npm error gyp sill build/config.gypi 'test/cctest/test_linked_binding.cc',
npm error gyp sill build/config.gypi 'test/cctest/test_lru_cache.cc',
npm error gyp sill build/config.gypi 'test/cctest/test_node_api.cc',
npm error gyp sill build/config.gypi 'test/cctest/test_node_crypto.cc',
npm error gyp sill build/config.gypi 'test/cctest/test_node_crypto_env.cc',
npm error gyp sill build/config.gypi 'test/cctest/test_node_postmortem_metadata.cc',
npm error gyp sill build/config.gypi 'test/cctest/test_node_task_runner.cc',
npm error gyp sill build/config.gypi 'test/cctest/test_path.cc',
npm error gyp sill build/config.gypi 'test/cctest/test_per_process.cc',
npm error gyp sill build/config.gypi 'test/cctest/test_platform.cc',
npm error gyp sill build/config.gypi 'test/cctest/test_quic_cid.cc',
npm error gyp sill build/config.gypi 'test/cctest/test_quic_error.cc',
npm error gyp sill build/config.gypi 'test/cctest/test_quic_preferredaddress.cc',
npm error gyp sill build/config.gypi 'test/cctest/test_quic_tokens.cc',
npm error gyp sill build/config.gypi 'test/cctest/test_report.cc',
npm error gyp sill build/config.gypi 'test/cctest/test_sockaddr.cc',
npm error gyp sill build/config.gypi 'test/cctest/test_string_bytes.cc',
npm error gyp sill build/config.gypi 'test/cctest/test_traced_value.cc',
npm error gyp sill build/config.gypi 'test/cctest/test_util.cc',
npm error gyp sill build/config.gypi 'test/cctest/node_test_fixture.h'
npm error gyp sill build/config.gypi ],
npm error gyp sill build/config.gypi node_debug_lib: false,
npm error gyp sill build/config.gypi node_enable_d8: false,
npm error gyp sill build/config.gypi node_enable_v8_vtunejit: false,
npm error gyp sill build/config.gypi node_enable_v8windbg: false,
npm error gyp sill build/config.gypi node_fipsinstall: false,
npm error gyp sill build/config.gypi node_install_corepack: false,
npm error gyp sill build/config.gypi node_install_npm: false,
npm error gyp sill build/config.gypi node_library_files: [
npm error gyp sill build/config.gypi 'lib/_http_agent.js',
npm error gyp sill build/config.gypi 'lib/_http_client.js',
npm error gyp sill build/config.gypi 'lib/_http_common.js',
npm error gyp sill build/config.gypi 'lib/_http_incoming.js',
npm error gyp sill build/config.gypi 'lib/_http_outgoing.js',
npm error gyp sill build/config.gypi 'lib/_http_server.js',
npm error gyp sill build/config.gypi 'lib/_stream_duplex.js',
npm error gyp sill build/config.gypi 'lib/_stream_passthrough.js',
npm error gyp sill build/config.gypi 'lib/_stream_readable.js',
npm error gyp sill build/config.gypi 'lib/_stream_transform.js',
npm error gyp sill build/config.gypi 'lib/_stream_wrap.js',
npm error gyp sill build/config.gypi 'lib/_stream_writable.js',
npm error gyp sill build/config.gypi 'lib/_tls_common.js',
npm error gyp sill build/config.gypi 'lib/_tls_wrap.js',
npm error gyp sill build/config.gypi 'lib/assert.js',
npm error gyp sill build/config.gypi 'lib/assert/strict.js',
npm error gyp sill build/config.gypi 'lib/async_hooks.js',
npm error gyp sill build/config.gypi 'lib/buffer.js',
npm error gyp sill build/config.gypi 'lib/child_process.js',
npm error gyp sill build/config.gypi 'lib/cluster.js',
npm error gyp sill build/config.gypi 'lib/console.js',
npm error gyp sill build/config.gypi 'lib/constants.js',
npm error gyp sill build/config.gypi 'lib/crypto.js',
npm error gyp sill build/config.gypi 'lib/dgram.js',
npm error gyp sill build/config.gypi 'lib/diagnostics_channel.js',
npm error gyp sill build/config.gypi 'lib/dns.js',
npm error gyp sill build/config.gypi 'lib/dns/promises.js',
npm error gyp sill build/config.gypi 'lib/domain.js',
npm error gyp sill build/config.gypi 'lib/events.js',
npm error gyp sill build/config.gypi 'lib/fs.js',
npm error gyp sill build/config.gypi 'lib/fs/promises.js',
npm error gyp sill build/config.gypi 'lib/http.js',
npm error gyp sill build/config.gypi 'lib/http2.js',
npm error gyp sill build/config.gypi 'lib/https.js',
npm error gyp sill build/config.gypi 'lib/inspector.js',
npm error gyp sill build/config.gypi 'lib/inspector/promises.js',
npm error gyp sill build/config.gypi 'lib/internal/abort_controller.js',
npm error gyp sill build/config.gypi 'lib/internal/assert.js',
npm error gyp sill build/config.gypi 'lib/internal/assert/assertion_error.js',
npm error gyp sill build/config.gypi 'lib/internal/assert/myers_diff.js',
npm error gyp sill build/config.gypi 'lib/internal/assert/utils.js',
npm error gyp sill build/config.gypi 'lib/internal/async_context_frame.js',
npm error gyp sill build/config.gypi 'lib/internal/async_hooks.js',
npm error gyp sill build/config.gypi 'lib/internal/async_local_storage/async_context_frame.js',
npm error gyp sill build/config.gypi 'lib/internal/async_local_storage/async_hooks.js',
npm error gyp sill build/config.gypi 'lib/internal/blob.js',
npm error gyp sill build/config.gypi 'lib/internal/blocklist.js',
npm error gyp sill build/config.gypi 'lib/internal/bootstrap/node.js',
npm error gyp sill build/config.gypi 'lib/internal/bootstrap/realm.js',
npm error gyp sill build/config.gypi 'lib/internal/bootstrap/shadow_realm.js',
npm error gyp sill build/config.gypi 'lib/internal/bootstrap/switches/does_not_own_process_state.js',
npm error gyp sill build/config.gypi 'lib/internal/bootstrap/switches/does_own_process_state.js',
npm error gyp sill build/config.gypi 'lib/internal/bootstrap/switches/is_main_thread.js',
npm error gyp sill build/config.gypi 'lib/internal/bootstrap/switches/is_not_main_thread.js',
npm error gyp sill build/config.gypi 'lib/internal/bootstrap/web/exposed-wildcard.js',
npm error gyp sill build/config.gypi 'lib/internal/bootstrap/web/exposed-window-or-worker.js',
npm error gyp sill build/config.gypi 'lib/internal/buffer.js',
npm error gyp sill build/config.gypi 'lib/internal/child_process.js',
npm error gyp sill build/config.gypi 'lib/internal/child_process/serialization.js',
npm error gyp sill build/config.gypi 'lib/internal/cli_table.js',
npm error gyp sill build/config.gypi 'lib/internal/cluster/child.js',
npm error gyp sill build/config.gypi 'lib/internal/cluster/primary.js',
npm error gyp sill build/config.gypi 'lib/internal/cluster/round_robin_handle.js',
npm error gyp sill build/config.gypi 'lib/internal/cluster/shared_handle.js',
npm error gyp sill build/config.gypi 'lib/internal/cluster/utils.js',
npm error gyp sill build/config.gypi 'lib/internal/cluster/worker.js',
npm error gyp sill build/config.gypi 'lib/internal/console/constructor.js',
npm error gyp sill build/config.gypi 'lib/internal/console/global.js',
npm error gyp sill build/config.gypi 'lib/internal/constants.js',
npm error gyp sill build/config.gypi 'lib/internal/crypto/aes.js',
npm error gyp sill build/config.gypi 'lib/internal/crypto/argon2.js',
npm error gyp sill build/config.gypi 'lib/internal/crypto/certificate.js',
npm error gyp sill build/config.gypi 'lib/internal/crypto/cfrg.js',
npm error gyp sill build/config.gypi 'lib/internal/crypto/chacha20_poly1305.js',
npm error gyp sill build/config.gypi 'lib/internal/crypto/cipher.js',
npm error gyp sill build/config.gypi 'lib/internal/crypto/diffiehellman.js',
npm error gyp sill build/config.gypi 'lib/internal/crypto/ec.js',
npm error gyp sill build/config.gypi 'lib/internal/crypto/hash.js',
npm error gyp sill build/config.gypi 'lib/internal/crypto/hashnames.js',
npm error gyp sill build/config.gypi 'lib/internal/crypto/hkdf.js',
npm error gyp sill build/config.gypi 'lib/internal/crypto/kem.js',
npm error gyp sill build/config.gypi 'lib/internal/crypto/keygen.js',
npm error gyp sill build/config.gypi 'lib/internal/crypto/keys.js',
npm error gyp sill build/config.gypi 'lib/internal/crypto/mac.js',
npm error gyp sill build/config.gypi 'lib/internal/crypto/ml_dsa.js',
npm error gyp sill build/config.gypi 'lib/internal/crypto/ml_kem.js',
npm error gyp sill build/config.gypi 'lib/internal/crypto/pbkdf2.js',
npm error gyp sill build/config.gypi 'lib/internal/crypto/random.js',
npm error gyp sill build/config.gypi 'lib/internal/crypto/rsa.js',
npm error gyp sill build/config.gypi 'lib/internal/crypto/scrypt.js',
npm error gyp sill build/config.gypi 'lib/internal/crypto/sig.js',
npm error gyp sill build/config.gypi 'lib/internal/crypto/util.js',
npm error gyp sill build/config.gypi 'lib/internal/crypto/webcrypto.js',
npm error gyp sill build/config.gypi 'lib/internal/crypto/webidl.js',
npm error gyp sill build/config.gypi 'lib/internal/crypto/x509.js',
npm error gyp sill build/config.gypi 'lib/internal/data_url.js',
npm error gyp sill build/config.gypi 'lib/internal/debugger/inspect.js',
npm error gyp sill build/config.gypi 'lib/internal/debugger/inspect_client.js',
npm error gyp sill build/config.gypi 'lib/internal/debugger/inspect_repl.js',
npm error gyp sill build/config.gypi 'lib/internal/dgram.js',
npm error gyp sill build/config.gypi ... 248 more items
npm error gyp sill build/config.gypi ],
npm error gyp sill build/config.gypi node_module_version: 141,
npm error gyp sill build/config.gypi node_no_browser_globals: false,
npm error gyp sill build/config.gypi node_prefix: '/opt/homebrew/Cellar/node/25.2.1',
npm error gyp sill build/config.gypi node_release_urlbase: '',
npm error gyp sill build/config.gypi node_shared: false,
npm error gyp sill build/config.gypi node_shared_ada: false,
npm error gyp sill build/config.gypi node_shared_brotli: true,
npm error gyp sill build/config.gypi node_shared_cares: true,
npm error gyp sill build/config.gypi node_shared_http_parser: false,
npm error gyp sill build/config.gypi node_shared_libuv: true,
npm error gyp sill build/config.gypi node_shared_nghttp2: true,
npm error gyp sill build/config.gypi node_shared_nghttp3: true,
npm error gyp sill build/config.gypi node_shared_ngtcp2: true,
npm error gyp sill build/config.gypi node_shared_openssl: true,
npm error gyp sill build/config.gypi node_shared_simdjson: true,
npm error gyp sill build/config.gypi node_shared_simdutf: false,
npm error gyp sill build/config.gypi node_shared_sqlite: true,
npm error gyp sill build/config.gypi node_shared_uvwasi: true,
npm error gyp sill build/config.gypi node_shared_zlib: true,
npm error gyp sill build/config.gypi node_shared_zstd: true,
npm error gyp sill build/config.gypi node_tag: '',
npm error gyp sill build/config.gypi node_target_type: 'executable',
npm error gyp sill build/config.gypi node_use_amaro: true,
npm error gyp sill build/config.gypi node_use_bundled_v8: true,
npm error gyp sill build/config.gypi node_use_node_code_cache: true,
npm error gyp sill build/config.gypi node_use_node_snapshot: true,
npm error gyp sill build/config.gypi node_use_openssl: true,
npm error gyp sill build/config.gypi node_use_sqlite: true,
npm error gyp sill build/config.gypi node_use_v8_platform: true,
npm error gyp sill build/config.gypi node_with_ltcg: false,
npm error gyp sill build/config.gypi node_without_node_options: false,
npm error gyp sill build/config.gypi node_write_snapshot_as_array_literals: false,
npm error gyp sill build/config.gypi openssl_is_fips: false,
npm error gyp sill build/config.gypi openssl_version: 811597839,
npm error gyp sill build/config.gypi ossfuzz: false,
npm error gyp sill build/config.gypi shlib_suffix: '141.dylib',
npm error gyp sill build/config.gypi single_executable_application: true,
npm error gyp sill build/config.gypi suppress_all_error_on_warn: false,
npm error gyp sill build/config.gypi target_arch: 'arm64',
npm error gyp sill build/config.gypi ubsan: 0,
npm error gyp sill build/config.gypi use_ccache_win: 0,
npm error gyp sill build/config.gypi use_prefix_to_find_headers: false,
npm error gyp sill build/config.gypi v8_enable_31bit_smis_on_64bit_arch: 0,
npm error gyp sill build/config.gypi v8_enable_extensible_ro_snapshot: 0,
npm error gyp sill build/config.gypi v8_enable_external_code_space: 0,
npm error gyp sill build/config.gypi v8_enable_gdbjit: 0,
npm error gyp sill build/config.gypi v8_enable_hugepage: 0,
npm error gyp sill build/config.gypi v8_enable_i18n_support: 1,
npm error gyp sill build/config.gypi v8_enable_inspector: 1,
npm error gyp sill build/config.gypi v8_enable_javascript_promise_hooks: 1,
npm error gyp sill build/config.gypi v8_enable_lite_mode: 0,
npm error gyp sill build/config.gypi v8_enable_maglev: 1,
npm error gyp sill build/config.gypi v8_enable_object_print: 1,
npm error gyp sill build/config.gypi v8_enable_pointer_compression: 0,
npm error gyp sill build/config.gypi v8_enable_pointer_compression_shared_cage: 0,
npm error gyp sill build/config.gypi v8_enable_sandbox: 0,
npm error gyp sill build/config.gypi v8_enable_webassembly: 1,
npm error gyp sill build/config.gypi v8_optimized_debug: 1,
npm error gyp sill build/config.gypi v8_promise_internal_field_count: 1,
npm error gyp sill build/config.gypi v8_random_seed: 0,
npm error gyp sill build/config.gypi v8_trace_maps: 0,
npm error gyp sill build/config.gypi v8_use_siphash: 1,
npm error gyp sill build/config.gypi want_separate_host_toolset: 0,
npm error gyp sill build/config.gypi nodedir: '/Users/gvp/Library/Caches/node-gyp/25.2.1',
npm error gyp sill build/config.gypi python: '/opt/homebrew/opt/python@3.14/bin/python3.14',
npm error gyp sill build/config.gypi standalone_static_library: 1,
npm error gyp sill build/config.gypi global_prefix: '/opt/homebrew',
npm error gyp sill build/config.gypi local_prefix: '/Users/gvp/IdeaProjects/homefin',
npm error gyp sill build/config.gypi globalconfig: '/opt/homebrew/etc/npmrc',
npm error gyp sill build/config.gypi userconfig: '/Users/gvp/.npmrc',
npm error gyp sill build/config.gypi init_module: '/Users/gvp/.npm-init.js',
npm error gyp sill build/config.gypi npm_version: '11.6.2',
npm error gyp sill build/config.gypi node_gyp: '/opt/homebrew/lib/node_modules/npm/node_modules/node-gyp/bin/node-gyp.js',
npm error gyp sill build/config.gypi cache: '/Users/gvp/.npm',
npm error gyp sill build/config.gypi user_agent: 'npm/11.6.2 node/v25.2.1 darwin arm64 workspaces/false',
npm error gyp sill build/config.gypi prefix: '/opt/homebrew'
npm error gyp sill build/config.gypi }
npm error gyp sill build/config.gypi }
npm error gyp verb build/config.gypi writing out config file: /Users/gvp/IdeaProjects/homefin/node_modules/better-sqlite3/build/config.gypi
npm error gyp verb config.gypi checking for gypi file: /Users/gvp/IdeaProjects/homefin/node_modules/better-sqlite3/config.gypi
npm error gyp verb common.gypi checking for gypi file: /Users/gvp/IdeaProjects/homefin/node_modules/better-sqlite3/common.gypi
npm error gyp verb gyp gyp format was not specified; forcing "make"
npm error gyp info spawn /opt/homebrew/opt/python@3.14/bin/python3.14
npm error gyp info spawn args [
npm error gyp info spawn args '/Users/gvp/IdeaProjects/homefin/node_modules/@electron/node-gyp/gyp/gyp_main.py',
npm error gyp info spawn args 'binding.gyp',
npm error gyp info spawn args '-f',
npm error gyp info spawn args 'make',
npm error gyp info spawn args '-I',
npm error gyp info spawn args '/Users/gvp/IdeaProjects/homefin/node_modules/better-sqlite3/build/config.gypi',
npm error gyp info spawn args '-I',
npm error gyp info spawn args '/Users/gvp/IdeaProjects/homefin/node_modules/@electron/node-gyp/addon.gypi',
npm error gyp info spawn args '-I',
npm error gyp info spawn args '/Users/gvp/Library/Caches/node-gyp/25.2.1/include/node/common.gypi',
npm error gyp info spawn args '-Dlibrary=shared_library',
npm error gyp info spawn args '-Dvisibility=default',
npm error gyp info spawn args '-Dnode_root_dir=/Users/gvp/Library/Caches/node-gyp/25.2.1',
npm error gyp info spawn args '-Dnode_gyp_dir=/Users/gvp/IdeaProjects/homefin/node_modules/@electron/node-gyp',
npm error gyp info spawn args '-Dnode_lib_file=/Users/gvp/Library/Caches/node-gyp/25.2.1/<(target_arch)/node.lib',
npm error gyp info spawn args '-Dmodule_root_dir=/Users/gvp/IdeaProjects/homefin/node_modules/better-sqlite3',
npm error gyp info spawn args '-Dnode_engine=v8',
npm error gyp info spawn args '--depth=.',
npm error gyp info spawn args '--no-parallel',
npm error gyp info spawn args '--generator-output',
npm error gyp info spawn args 'build',
npm error gyp info spawn args '-Goutput_dir=.'
npm error gyp info spawn args ]
npm error gyp verb build type Release
npm error gyp verb architecture arm64
npm error gyp verb node dev dir /Users/gvp/Library/Caches/node-gyp/25.2.1
npm error gyp verb python /opt/homebrew/opt/python@3.14/bin/python3.14
npm error gyp verb `which` succeeded for `make` /usr/bin/make
npm error gyp verb bin symlinks created symlink to "/opt/homebrew/opt/python@3.14/bin/python3.14" in "/Users/gvp/IdeaProjects/homefin/node_modules/better-sqlite3/build/node_gyp_bins" and added to PATH
npm error gyp info spawn make
npm error gyp info spawn args [ 'V=1', 'BUILDTYPE=Release', '-C', 'build' ]
npm error In file included from ../src/better_sqlite3.cpp:4:
npm error In file included from ./src/better_sqlite3.lzz:11:
npm error In file included from /Users/gvp/Library/Caches/node-gyp/25.2.1/include/node/node.h:74:
npm error In file included from /Users/gvp/Library/Caches/node-gyp/25.2.1/include/node/v8.h:23:
npm error In file included from /Users/gvp/Library/Caches/node-gyp/25.2.1/include/node/cppgc/common.h:8:
npm error /Users/gvp/Library/Caches/node-gyp/25.2.1/include/node/v8config.h:13:2: error: "C++20 or later required."
npm error    13 | #error "C++20 or later required."
npm error       |  ^
npm error In file included from ../src/better_sqlite3.cpp:4:
npm error In file included from ./src/better_sqlite3.lzz:11:
npm error In file included from /Users/gvp/Library/Caches/node-gyp/25.2.1/include/node/node.h:74:
npm error In file included from /Users/gvp/Library/Caches/node-gyp/25.2.1/include/node/v8.h:24:
npm error In file included from /Users/gvp/Library/Caches/node-gyp/25.2.1/include/node/v8-array-buffer.h:12:
npm error In file included from /Users/gvp/Library/Caches/node-gyp/25.2.1/include/node/v8-local-handle.h:13:
npm error In file included from /Users/gvp/Library/Caches/node-gyp/25.2.1/include/node/v8-handle-base.h:8:
npm error /Users/gvp/Library/Caches/node-gyp/25.2.1/include/node/v8-internal.h:1356:37: error: a non-type template parameter cannot have type 'ExternalPointerTagRange' (aka 'TagRange<ExternalPointerTag>') before C++20
npm error  1356 |   template <ExternalPointerTagRange tag_range>
npm error       |                                     ^
npm error In file included from ../src/better_sqlite3.cpp:4:
npm error In file included from ./src/better_sqlite3.lzz:11:
npm error In file included from /Users/gvp/Library/Caches/node-gyp/25.2.1/include/node/node.h:74:
npm error In file included from /Users/gvp/Library/Caches/node-gyp/25.2.1/include/node/v8.h:24:
npm error In file included from /Users/gvp/Library/Caches/node-gyp/25.2.1/include/node/v8-array-buffer.h:12:
npm error /Users/gvp/Library/Caches/node-gyp/25.2.1/include/node/v8-local-handle.h:379:5: error: unknown type name 'requires'
npm error   379 |     requires std::is_base_of_v<T, S>
npm error       |     ^
npm error /Users/gvp/Library/Caches/node-gyp/25.2.1/include/node/v8-local-handle.h:379:19: error: non-friend class member 'is_base_of_v' cannot have a qualified name
npm error   379 |     requires std::is_base_of_v<T, S>
npm error       |              ~~~~~^
npm error /Users/gvp/Library/Caches/node-gyp/25.2.1/include/node/v8-local-handle.h:379:19: error: member 'is_base_of_v' declared as a template
npm error   378 |   template <class S>
npm error       |   ~~~~~~~~~~~~~~~~~~
npm error   379 |     requires std::is_base_of_v<T, S>
npm error       |                   ^
npm error /Users/gvp/Library/Caches/node-gyp/25.2.1/include/node/v8-local-handle.h:379:19: error: variable template partial specialization of 'is_base_of_v' not in a namespace enclosing '__1'
npm error /Library/Developer/CommandLineTools/SDKs/MacOSX.sdk/usr/include/c++/v1/__type_traits/is_base_of.h:27:50: note: explicitly specialized declaration is here
npm error    27 | _LIBCPP_NO_SPECIALIZATIONS inline constexpr bool is_base_of_v = __is_base_of(_Bp, _Dp);
npm error       |                                                  ^
npm error In file included from ../src/better_sqlite3.cpp:4:
npm error In file included from ./src/better_sqlite3.lzz:11:
npm error In file included from /Users/gvp/Library/Caches/node-gyp/25.2.1/include/node/node.h:74:
npm error In file included from /Users/gvp/Library/Caches/node-gyp/25.2.1/include/node/v8.h:24:
npm error In file included from /Users/gvp/Library/Caches/node-gyp/25.2.1/include/node/v8-array-buffer.h:12:
npm error /Users/gvp/Library/Caches/node-gyp/25.2.1/include/node/v8-local-handle.h:379:37: error: expected ';' at end of declaration list
npm error   379 |     requires std::is_base_of_v<T, S>
npm error       |                                     ^
npm error       |                                     ;
npm error /Users/gvp/Library/Caches/node-gyp/25.2.1/include/node/v8-local-handle.h:744:5: error: unknown type name 'requires'
npm error   744 |     requires std::is_base_of_v<T, S>
npm error       |     ^
npm error /Users/gvp/Library/Caches/node-gyp/25.2.1/include/node/v8-local-handle.h:744:19: error: non-friend class member 'is_base_of_v' cannot have a qualified name
npm error   744 |     requires std::is_base_of_v<T, S>
npm error       |              ~~~~~^
npm error /Users/gvp/Library/Caches/node-gyp/25.2.1/include/node/v8-local-handle.h:744:19: error: member 'is_base_of_v' declared as a template
npm error   743 |   template <class S>
npm error       |   ~~~~~~~~~~~~~~~~~~
npm error   744 |     requires std::is_base_of_v<T, S>
npm error       |                   ^
npm error /Users/gvp/Library/Caches/node-gyp/25.2.1/include/node/v8-local-handle.h:744:19: error: variable template partial specialization of 'is_base_of_v' not in a namespace enclosing '__1'
npm error /Library/Developer/CommandLineTools/SDKs/MacOSX.sdk/usr/include/c++/v1/__type_traits/is_base_of.h:27:50: note: explicitly specialized declaration is here
npm error    27 | _LIBCPP_NO_SPECIALIZATIONS inline constexpr bool is_base_of_v = __is_base_of(_Bp, _Dp);
npm error       |                                                  ^
npm error In file included from ../src/better_sqlite3.cpp:4:
npm error In file included from ./src/better_sqlite3.lzz:11:
npm error In file included from /Users/gvp/Library/Caches/node-gyp/25.2.1/include/node/node.h:74:
npm error In file included from /Users/gvp/Library/Caches/node-gyp/25.2.1/include/node/v8.h:24:
npm error In file included from /Users/gvp/Library/Caches/node-gyp/25.2.1/include/node/v8-array-buffer.h:12:
npm error /Users/gvp/Library/Caches/node-gyp/25.2.1/include/node/v8-local-handle.h:744:37: error: expected ';' at end of declaration list
npm error   744 |     requires std::is_base_of_v<T, S>
npm error       |                                     ^
npm error       |                                     ;
npm error In file included from ../src/better_sqlite3.cpp:4:
npm error In file included from ./src/better_sqlite3.lzz:11:
npm error In file included from /Users/gvp/Library/Caches/node-gyp/25.2.1/include/node/node.h:74:
npm error In file included from /Users/gvp/Library/Caches/node-gyp/25.2.1/include/node/v8.h:24:
npm error In file included from /Users/gvp/Library/Caches/node-gyp/25.2.1/include/node/v8-array-buffer.h:13:
npm error /Users/gvp/Library/Caches/node-gyp/25.2.1/include/node/v8-memory-span.h:45:28: error: no member named 'ranges' in namespace 'std'
npm error    45 | inline constexpr bool std::ranges::enable_view<v8::MemorySpan<T>> = true;
npm error       |                       ~~~~~^
npm error /Users/gvp/Library/Caches/node-gyp/25.2.1/include/node/v8-memory-span.h:47:28: error: no member named 'ranges' in namespace 'std'
npm error    47 | inline constexpr bool std::ranges::enable_borrowed_range<v8::MemorySpan<T>> =
npm error       |                       ~~~~~^
npm error /Users/gvp/Library/Caches/node-gyp/25.2.1/include/node/v8-memory-span.h:93:14: error: expected parameter declarator
npm error    93 |     requires(!std::is_function_v<U>)
npm error       |              ^
npm error /Users/gvp/Library/Caches/node-gyp/25.2.1/include/node/v8-memory-span.h:93:14: error: expected ')'
npm error /Users/gvp/Library/Caches/node-gyp/25.2.1/include/node/v8-memory-span.h:93:13: note: to match this '('
npm error    93 |     requires(!std::is_function_v<U>)
npm error       |             ^
npm error /Users/gvp/Library/Caches/node-gyp/25.2.1/include/node/v8-memory-span.h:93:5: error: a type specifier is required for all declarations
npm error    93 |     requires(!std::is_function_v<U>)
npm error       |     ^
npm error /Users/gvp/Library/Caches/node-gyp/25.2.1/include/node/v8-memory-span.h:94:5: error: 'nodiscard' attribute cannot be applied to types
npm error    94 |   [[nodiscard]] static constexpr U* to_address(U* p) noexcept {
npm error       |     ^
npm error /Users/gvp/Library/Caches/node-gyp/25.2.1/include/node/v8-memory-span.h:94:16: error: expected ';' at end of declaration list
npm error    94 |   [[nodiscard]] static constexpr U* to_address(U* p) noexcept {
npm error       |                ^
npm error       |                ;
npm error fatal error: too many errors emitted, stopping now [-ferror-limit=]
npm error 20 errors generated.
npm error make: *** [Release/obj.target/better_sqlite3/src/better_sqlite3.o] Error 1
npm error gyp ERR! build error
npm error gyp ERR! stack Error: `make` failed with exit code: 2
npm error gyp ERR! stack at ChildProcess.<anonymous> (/Users/gvp/IdeaProjects/homefin/node_modules/@electron/node-gyp/lib/build.js:215:23)
npm error gyp ERR! System Darwin 25.2.0
npm error gyp ERR! command "/opt/homebrew/Cellar/node/25.2.1/bin/node" "/Users/gvp/IdeaProjects/homefin/node_modules/.bin/node-gyp" "rebuild" "--release"
npm error gyp ERR! cwd /Users/gvp/IdeaProjects/homefin/node_modules/better-sqlite3
npm error gyp ERR! node -v v25.2.1
npm error gyp ERR! node-gyp -v v10.2.0-electron.1
npm error gyp ERR! not ok
npm error A complete log of this run can be found in: /Users/gvp/.npm/_logs/2026-01-03T16_31_36_421Z-debug-0.log