src/components/debt/DebtSettlementModal.tsx(108,11): error TS2322: Type '{ label: string; selected: Date; onChange: (date: any) => void; }' is not assignable to type 'IntrinsicAttributes & DatePickerProps'.
  Property 'selected' does not exist on type 'IntrinsicAttributes & DatePickerProps'.
src/components/payment/TransferModal.tsx(141,36): error TS2322: Type '{ label: string; selected: Date; onChange: (date: Date | null) => void | null; error: string; }' is not assignable to type 'IntrinsicAttributes & DatePickerProps'.
  Property 'selected' does not exist on type 'IntrinsicAttributes & DatePickerProps'.
src/components/products/ProductModal.tsx(42,42): error TS2339: Property 'ProductUnitID' does not exist on type '{ ProductUnitID: number; ProductUnitType: string; ProductUnitDescription: string; }[]'.
src/components/products/ProductModal.tsx(42,69): error TS2339: Property 'ProductUnitType' does not exist on type '{ ProductUnitID: number; ProductUnitType: string; ProductUnitDescription: string; }[]'.
src/components/products/ProductModal.tsx(42,91): error TS2339: Property 'ProductUnitDescription' does not exist on type '{ ProductUnitID: number; ProductUnitType: string; ProductUnitDescription: string; }[]'.
src/components/products/ProductModal.tsx(47,47): error TS2339: Property 'CategoryID' does not exist on type '{ CategoryID: number; CategoryName: string; }[]'.
src/components/products/ProductModal.tsx(47,68): error TS2339: Property 'CategoryName' does not exist on type '{ CategoryID: number; CategoryName: string; }[]'.
src/components/ui/DatePicker.tsx(3,15): error TS2724: '"react-datepicker"' has no exported member named 'ReactDatePickerProps'. Did you mean 'DatePickerProps'?
src/hooks/useAnalytics.ts(83,74): error TS2339: Property 'DebtorID' does not exist on type 'Debtor[]'.
src/hooks/useAnalytics.ts(85,45): error TS2339: Property 'DebtorName' does not exist on type 'Debtor[]'.
src/hooks/useAnalytics.ts(85,100): error TS2339: Property 'DebtorID' does not exist on type 'Debtor[]'.
src/hooks/usePdfGenerator.ts(3,26): error TS2307: Cannot find module '../context/ErrorContext' or its corresponding type declarations.
src/pages/AnalyticsPage.tsx(207,38): error TS2339: Property 'id' does not exist on type '{ name: string; balance: number; }'.
src/pages/AnalyticsPage.tsx(212,78): error TS2339: Property 'id' does not exist on type '{ name: string; balance: number; }'.
src/pages/EntityDetailsPage.tsx(120,57): error TS2339: Property 'PaymentMethodID' does not exist on type '{ PaymentMethodID: number; PaymentMethodName: string; }[]'.
src/pages/EntityDetailsPage.tsx(120,84): error TS2339: Property 'PaymentMethodName' does not exist on type '{ PaymentMethodID: number; PaymentMethodName: string; }[]'.
src/pages/EntityDetailsPage.tsx(180,13): error TS2322: Type 'number | undefined' is not assignable to type 'number'.
  Type 'undefined' is not assignable to type 'number'.
src/pages/EntityDetailsPage.tsx(182,54): error TS2345: Argument of type 'any[][]' is not assignable to parameter of type 'LineItem[]'.
  Type 'any[]' is missing the following properties from type 'LineItem': key, ProductID, ProductName, ProductBrand, and 4 more.
src/pages/EntityDetailsPage.tsx(493,19): error TS2322: Type '{ selectsRange: true; startDate: Date | null; endDate: Date | null; onChange: (update: any) => void; isClearable: boolean; placeholderText: string; }' is not assignable to type 'IntrinsicAttributes & DatePickerProps'.
  Property 'selectsRange' does not exist on type 'IntrinsicAttributes & DatePickerProps'.
src/pages/PaymentMethodDetailsPage.tsx(203,54): error TS2345: Argument of type 'LineItem[]' is not assignable to parameter of type 'import("/Users/gvp/IdeaProjects/homefin/src/types").LineItem[]'.
  Type 'LineItem' is missing the following properties from type 'LineItem': key, ProductID, ProductName, ProductBrand, and 2 more.
src/pages/PaymentMethodDetailsPage.tsx(502,21): error TS2322: Type '(row: PageTransaction) => string' is not assignable to type 'string'.
src/pages/PaymentMethodDetailsPage.tsx(513,19): error TS2322: Type '{ startDate: Date | null; endDate: Date | null; onChange: (update: [Date | null, Date | null]) => void; isClearable: boolean; placeholderText: string; selectsRange: boolean; }' is not assignable to type 'IntrinsicAttributes & DatePickerProps'.
  Property 'startDate' does not exist on type 'IntrinsicAttributes & DatePickerProps'.
src/pages/PaymentMethodsPage.tsx(162,15): error TS2322: Type '(methodId: number, newStyle: PaymentMethodStyle) => Promise<void>' is not assignable to type '(methodId: number, style: Omit<PaymentMethodStyle, "color">) => void'.
  Types of parameters 'newStyle' and 'style' are incompatible.
    Property 'color' is missing in type 'Omit<PaymentMethodStyle, "color">' but required in type 'PaymentMethodStyle'.
src/pages/ReceiptFormPage.tsx(162,19): error TS2322: Type '{ key: string; length: number; toString(): string; toLocaleString(): string; toLocaleString(locales: string | string[], options?: (NumberFormatOptions & DateTimeFormatOptions) | undefined): string; ... 37 more ...; [Symbol.unscopables]: { ...; }; }[]' is not assignable to type 'LineItem[]'.
  Type '{ key: string; length: number; toString(): string; toLocaleString(): string; toLocaleString(locales: string | string[], options?: (NumberFormatOptions & DateTimeFormatOptions) | undefined): string; ... 37 more ...; [Symbol.unscopables]: { ...; }; }' is missing the following properties from type 'LineItem': ProductID, ProductName, ProductBrand, ProductSize, and 3 more.
src/pages/ReceiptFormPage.tsx(191,32): error TS2345: Argument of type '{ key: string; length: number; toString(): string; toLocaleString(): string; toLocaleString(locales: string | string[], options?: (NumberFormatOptions & DateTimeFormatOptions) | undefined): string; ... 37 more ...; [Symbol.unscopables]: { ...; }; }[]' is not assignable to parameter of type 'SetStateAction<ReceiptSplit[]>'.
  Type '{ key: string; length: number; toString(): string; toLocaleString(): string; toLocaleString(locales: string | string[], options?: (NumberFormatOptions & DateTimeFormatOptions) | undefined): string; ... 37 more ...; [Symbol.unscopables]: { ...; }; }[]' is not assignable to type 'ReceiptSplit[]'.
    Type '{ key: string; length: number; toString(): string; toLocaleString(): string; toLocaleString(locales: string | string[], options?: (NumberFormatOptions & DateTimeFormatOptions) | undefined): string; ... 37 more ...; [Symbol.unscopables]: { ...; }; }' is missing the following properties from type 'ReceiptSplit': DebtorID, DebtorName, SplitPart
src/pages/ReceiptFormPage.tsx(698,78): error TS2322: Type '{ label: string; selected: Date; onChange: (date: Date | null) => void; error: string; }' is not assignable to type 'IntrinsicAttributes & DatePickerProps'.
  Property 'selected' does not exist on type 'IntrinsicAttributes & DatePickerProps'.
src/pages/ReceiptsPage.tsx(117,33): error TS2345: Argument of type 'FullReceipt[]' is not assignable to parameter of type 'FullReceipt[]'.
  Property 'images' is missing in type 'FullReceipt' but required in type 'FullReceipt'.
src/pages/ReceiptsPage.tsx(155,16): error TS2339: Property 'IsTentative' does not exist on type 'Receipt'.
src/pages/ReceiptsPage.tsx(254,19): error TS2322: Type '{ selectsRange: true; startDate: Date | null; endDate: Date | null; onChange: (update: any) => void; isClearable: boolean; placeholderText: string; }' is not assignable to type 'IntrinsicAttributes & DatePickerProps'.
  Property 'selectsRange' does not exist on type 'IntrinsicAttributes & DatePickerProps'.
src/pages/ReceiptViewPage.tsx(36,9): error TS2614: Module '"jspdf"' has no exported member 'Image'. Did you mean to use 'import Image from "jspdf"' instead?
src/pages/ReceiptViewPage.tsx(313,41): error TS2339: Property 'IsTentative' does not exist on type 'Receipt'.
src/pages/ReceiptViewPage.tsx(314,45): error TS2339: Property 'IsTentative' does not exist on type 'Receipt'.
src/pages/ReceiptViewPage.tsx(318,45): error TS2339: Property 'IsTentative' does not exist on type 'Receipt'.
src/pages/ReceiptViewPage.tsx(319,41): error TS2339: Property 'IsTentative' does not exist on type 'Receipt'.
src/pages/ReceiptViewPage.tsx(332,24): error TS2339: Property 'IsTentative' does not exist on type 'Receipt'.
src/utils/debtCalculator.ts(46,54): error TS2339: Property 'ReceiptID' does not exist on type 'DebtReceipt[]'.
src/utils/debtCalculator.ts(55,9): error TS2322: Type '{ amount: number; isSettled: boolean; splitPart: number | undefined; totalShares: number | undefined; length: number; toString(): string; toLocaleString(): string; toLocaleString(locales: string | string[], options?: (NumberFormatOptions & DateTimeFormatOptions) | undefined): string; ... 37 more ...; [Symbol.unscopa...' is not assignable to type 'ProcessedReceipt[]'.
  Type '{ amount: number; isSettled: boolean; splitPart: number | undefined; totalShares: number | undefined; length: number; toString(): string; toLocaleString(): string; toLocaleString(locales: string | string[], options?: (NumberFormatOptions & DateTimeFormatOptions) | undefined): string; ... 37 more ...; [Symbol.unscopa...' is missing the following properties from type 'ProcessedReceipt': StoreName, type, ReceiptID, ReceiptDate, and 5 more.
src/utils/debtCalculator.ts(57,11): error TS2339: Property 'IsNonItemised' does not exist on type 'DebtReceipt[]'.
src/utils/debtCalculator.ts(58,23): error TS2339: Property 'NonItemisedTotal' does not exist on type 'DebtReceipt[]'.
src/utils/debtCalculator.ts(60,50): error TS2339: Property 'ReceiptID' does not exist on type 'LineItem[]'.
src/utils/debtCalculator.ts(60,66): error TS2339: Property 'ReceiptID' does not exist on type 'DebtReceipt[]'.
src/utils/debtCalculator.ts(61,48): error TS2345: Argument of type 'LineItem[][]' is not assignable to parameter of type 'LineItem[]'.
  Type 'LineItem[]' is missing the following properties from type 'LineItem': key, ProductID, ProductName, ProductBrand, and 4 more.
src/utils/debtCalculator.ts(61,57): error TS2339: Property 'Discount' does not exist on type 'DebtReceipt[]'.
src/utils/debtCalculator.ts(69,11): error TS2339: Property 'type' does not exist on type 'DebtReceipt[]'.
src/utils/debtCalculator.ts(71,21): error TS2339: Property 'Status' does not exist on type 'DebtReceipt[]'.
src/utils/debtCalculator.ts(73,13): error TS2339: Property 'SplitType' does not exist on type 'DebtReceipt[]'.
src/utils/debtCalculator.ts(74,50): error TS2339: Property 'ReceiptID' does not exist on type 'ReceiptSplit[]'.
src/utils/debtCalculator.ts(74,66): error TS2339: Property 'ReceiptID' does not exist on type 'DebtReceipt[]'.
src/utils/debtCalculator.ts(75,50): error TS2339: Property 'DebtorID' does not exist on type 'ReceiptSplit[]'.
src/utils/debtCalculator.ts(77,27): error TS2339: Property 'TotalShares' does not exist on type 'DebtReceipt[]'.
src/utils/debtCalculator.ts(77,47): error TS2339: Property 'TotalShares' does not exist on type 'DebtReceipt[]'.
src/utils/debtCalculator.ts(77,96): error TS2339: Property 'SplitPart' does not exist on type 'ReceiptSplit[]'.
src/utils/debtCalculator.ts(77,115): error TS2339: Property 'OwnShares' does not exist on type 'DebtReceipt[]'.
src/utils/debtCalculator.ts(78,35): error TS2339: Property 'SplitPart' does not exist on type 'ReceiptSplit[]'.
src/utils/debtCalculator.ts(79,15): error TS18048: 'totalShares' is possibly 'undefined'.
src/utils/debtCalculator.ts(80,49): error TS2339: Property 'SplitPart' does not exist on type 'ReceiptSplit[]'.
src/utils/debtCalculator.ts(80,62): error TS18048: 'totalShares' is possibly 'undefined'.
src/utils/debtCalculator.ts(83,20): error TS2339: Property 'SplitType' does not exist on type 'DebtReceipt[]'.
src/utils/debtCalculator.ts(84,58): error TS2339: Property 'ReceiptID' does not exist on type 'LineItem[]'.
src/utils/debtCalculator.ts(84,74): error TS2339: Property 'ReceiptID' does not exist on type 'DebtReceipt[]'.
src/utils/debtCalculator.ts(84,90): error TS2339: Property 'DebtorID' does not exist on type 'LineItem[]'.
src/utils/debtCalculator.ts(86,59): error TS2345: Argument of type 'LineItem[]' is not assignable to parameter of type 'LineItem'.
  Type 'LineItem[]' is missing the following properties from type 'LineItem': key, ProductID, ProductName, ProductBrand, and 4 more.
src/utils/debtCalculator.ts(86,67): error TS2339: Property 'Discount' does not exist on type 'DebtReceipt[]'.
src/utils/debtCalculator.ts(89,43): error TS2339: Property 'ReceiptID' does not exist on type 'ReceiptDebtorPayment[]'.
src/utils/debtCalculator.ts(89,59): error TS2339: Property 'ReceiptID' does not exist on type 'DebtReceipt[]'.
src/utils/debtCalculator.ts(89,74): error TS2339: Property 'DebtorID' does not exist on type 'ReceiptDebtorPayment[]'.
